<?xml version="1.0" encoding="UTF-8"?>
<!-- Generated by org.testng.reporters.JUnitReportReporter -->
<testsuite hostname="LAPTOP-6LG2OHSP" failures="0" tests="2" name="com.qa.testscripts.TC_MakeMyTripHotelReservation_01" time="82.261" errors="0" timestamp="2021-09-18T16:05:27 IST" skipped="0">
  <testcase classname="com.qa.testscripts.TC_MakeMyTripHotelReservation_01" name="enterDetails" time="39.065"/>
  <system-out>
    <![CDATA[The Westin Hyderabad Mindspace  14,463
REVA ROOMS  6,125
Prestige Service Apartment  3,572
OYO 8587 Dwell Suites  2,357
Serenity La Vista  4,465]]>
  </system-out>
  <testcase classname="com.qa.testscripts.TC_MakeMyTripHotelReservation_01" name="enterDetails" time="43.196"/>
  <system-out>
    <![CDATA[Heaven Gaits Resorts Hyderabad  29,225
Dream Valley Golf Resorts and Spa  5,330
Village Farmville - Farmhouse for Pool Parties  15,300
EVERGREEN RETREAT  13,959
Habeeb's Farm House  9,781]]>
  </system-out>
</testsuite> <!-- com.qa.testscripts.TC_MakeMyTripHotelReservation_01 -->
