<?xml version="1.0" encoding="UTF-8"?>
<!-- Generated by org.testng.reporters.JUnitReportReporter -->
<testsuite skipped="0" hostname="LAPTOP-6LG2OHSP" name="com.qa.testscripts.TC_MakeMyTripHotelReservation_01" tests="2" failures="0" timestamp="2021-09-22T21:19:42 IST" time="86.786" errors="0">
  <testcase name="enterDetails" time="45.309" classname="com.qa.testscripts.TC_MakeMyTripHotelReservation_01"/>
  <system-out>
Heaven Gaits Resorts Hyderabad  29,225 Dream Valley Golf Resorts and Spa  5,330 Village Farmville - Farmhouse for Pool Parties  15,300 EVERGREEN RETREAT  13,959 Habeeb's Farm House  9,781  </system-out>
  <testcase name="enterDetails" time="41.477" classname="com.qa.testscripts.TC_MakeMyTripHotelReservation_01"/>
  <system-out>
REVA ROOMS  6,125 Prestige Service Apartment  3,572 OYO 8587 Dwell Suites  2,705 HOTEL RAINTR33  2,637 Serenity La Vista  4,108  </system-out>
</testsuite> <!-- com.qa.testscripts.TC_MakeMyTripHotelReservation_01 -->
